<?xml version="1.0" encoding="UTF-8"?>
<!-- Generated by org.testng.reporters.JUnitReportReporter -->
<testsuite skipped="0" hostname="DESKTOP-BPKQ36I" name="com.training.simple.tests.TC4_DisplayOrderHistory" tests="1" failures="0" timestamp="2019-12-05T16:18:08 IST" time="19.846" errors="0">
  <testcase name="orderHistoryDisplay" time="19.846" classname="com.training.simple.tests.TC4_DisplayOrderHistory"/>
</testsuite> <!-- com.training.simple.tests.TC4_DisplayOrderHistory -->
