<?xml version="1.0" encoding="UTF-8"?>
<!-- Generated by org.testng.reporters.JUnitReportReporter -->
<testsuite skipped="0" hostname="DESKTOP-BPKQ36I" name="com.training.low.tests.TC4_DisplayOrderHistory" tests="1" failures="0" timestamp="2019-11-27T14:58:18 IST" time="21.283" errors="0">
  <testcase name="OrderHistoryDisplay" time="21.283" classname="com.training.low.tests.TC4_DisplayOrderHistory"/>
</testsuite> <!-- com.training.low.tests.TC4_DisplayOrderHistory -->
