<?xml version="1.0" encoding="UTF-8"?>
<!-- Generated by org.testng.reporters.JUnitReportReporter -->
<testsuite skipped="0" hostname="DESKTOP-BPKQ36I" name="com.training.simple.tests.TC3_RecoverPassword" tests="1" failures="0" timestamp="2019-12-04T11:36:35 IST" time="20.469" errors="0">
  <testcase name="forgotPasswordTest" time="20.469" classname="com.training.simple.tests.TC3_RecoverPassword"/>
</testsuite> <!-- com.training.simple.tests.TC3_RecoverPassword -->
