<?xml version="1.0" encoding="UTF-8"?>
<!-- Generated by org.testng.reporters.JUnitReportReporter -->
<testsuite skipped="1" hostname="DESKTOP-BPKQ36I" name="com.training.complex.tests.TC12_064AddMultipleCategory" tests="1" failures="0" timestamp="2019-12-06T13:06:12 IST" time="0.000" errors="0">
  <testcase name="addCatagory" time="0.000" classname="com.training.complex.tests.TC12_064AddMultipleCategory">
    <skipped/>
  </testcase> <!-- addCatagory -->
</testsuite> <!-- com.training.complex.tests.TC12_064AddMultipleCategory -->
