<?xml version="1.0" encoding="UTF-8"?>
<!-- Generated by org.testng.reporters.JUnitReportReporter -->
<testsuite skipped="0" hostname="DESKTOP-BPKQ36I" name="com.training.high.tests.TC3_InvalidLogin" tests="1" failures="0" timestamp="2019-11-26T16:48:54 IST" time="19.118" errors="0">
  <testcase name="invalidLoginTest" time="19.118" classname="com.training.high.tests.TC3_InvalidLogin"/>
</testsuite> <!-- com.training.high.tests.TC3_InvalidLogin -->
