<?xml version="1.0" encoding="UTF-8"?>
<!-- Generated by org.testng.reporters.JUnitReportReporter -->
<testsuite skipped="0" hostname="DESKTOP-BPKQ36I" name="com.training.high.tests.TC2_LoginTest" tests="1" failures="0" timestamp="2019-11-27T14:36:12 IST" time="19.039" errors="0">
  <testcase name="validLoginTest" time="19.039" classname="com.training.high.tests.TC2_LoginTest"/>
</testsuite> <!-- com.training.high.tests.TC2_LoginTest -->
