<?xml version="1.0" encoding="UTF-8"?>
<!-- Generated by org.testng.reporters.JUnitReportReporter -->
<testsuite skipped="0" hostname="DESKTOP-BPKQ36I" name="com.training.simple.tests.TC1_RegistrationTest" tests="1" failures="0" timestamp="2019-12-06T12:35:15 IST" time="22.621" errors="0">
  <testcase name="validRegistrationTest" time="22.621" classname="com.training.simple.tests.TC1_RegistrationTest"/>
</testsuite> <!-- com.training.simple.tests.TC1_RegistrationTest -->
