<?xml version="1.0" encoding="UTF-8"?>
<!-- Generated by org.testng.reporters.JUnitReportReporter -->
<testsuite skipped="0" hostname="DESKTOP-BPKQ36I" name="com.training.high.tests.TC7_033PlaceOrderByPreLogin" tests="1" failures="0" timestamp="2019-12-03T14:58:30 IST" time="41.670" errors="0">
  <testcase name="placeOrderByLogin" time="41.670" classname="com.training.high.tests.TC7_033PlaceOrderByPreLogin"/>
</testsuite> <!-- com.training.high.tests.TC7_033PlaceOrderByPreLogin -->
