<?xml version="1.0" encoding="UTF-8"?>
<!-- Generated by org.testng.reporters.JUnitReportReporter -->
<testsuite skipped="0" hostname="DESKTOP-BPKQ36I" name="com.training.high.tests.TC1_RegistrationTest" tests="1" failures="0" timestamp="2019-11-29T11:22:04 IST" time="23.162" errors="0">
  <testcase name="validRegistrationTest" time="23.162" classname="com.training.high.tests.TC1_RegistrationTest"/>
</testsuite> <!-- com.training.high.tests.TC1_RegistrationTest -->
