<?xml version="1.0" encoding="UTF-8"?>
<!-- Generated by org.testng.reporters.JUnitReportReporter -->
<testsuite skipped="0" hostname="DESKTOP-BPKQ36I" name="com.training.high.tests.TC3_RecoverPassword" tests="1" failures="0" timestamp="2019-11-26T19:21:45 IST" time="20.525" errors="0">
  <testcase name="forgotPasswordTest" time="20.525" classname="com.training.high.tests.TC3_RecoverPassword"/>
</testsuite> <!-- com.training.high.tests.TC3_RecoverPassword -->
