<?xml version="1.0" encoding="UTF-8"?>
<!-- Generated by org.testng.reporters.JUnitReportReporter -->
<testsuite skipped="0" hostname="DESKTOP-BPKQ36I" name="com.training.simple.tests.TC2_LoginTest" tests="1" failures="0" timestamp="2019-12-04T11:34:44 IST" time="19.718" errors="0">
  <testcase name="validLoginTest" time="19.718" classname="com.training.simple.tests.TC2_LoginTest"/>
</testsuite> <!-- com.training.simple.tests.TC2_LoginTest -->
