<?xml version="1.0" encoding="UTF-8"?>
<!-- Generated by org.testng.reporters.JUnitReportReporter -->
<testsuite skipped="0" hostname="DESKTOP-BPKQ36I" name="com.training.simple.tests.TC4_DisplayOrderHistory" tests="1" failures="0" timestamp="2019-12-04T11:40:20 IST" time="20.049" errors="0">
  <testcase name="orderHistoryDisplay" time="20.049" classname="com.training.simple.tests.TC4_DisplayOrderHistory"/>
</testsuite> <!-- com.training.simple.tests.TC4_DisplayOrderHistory -->
