<?xml version="1.0" encoding="UTF-8"?>
<!-- Generated by org.testng.reporters.JUnitReportReporter -->
<testsuite skipped="0" hostname="DESKTOP-BPKQ36I" name="com.training.medium.tests.TC8_034GuestUserPlaceOrder" tests="1" failures="0" timestamp="2019-12-03T15:01:21 IST" time="34.305" errors="0">
  <testcase name="withoutLogin" time="34.305" classname="com.training.medium.tests.TC8_034GuestUserPlaceOrder"/>
</testsuite> <!-- com.training.medium.tests.TC8_034GuestUserPlaceOrder -->
