<?xml version="1.0" encoding="UTF-8"?>
<!-- Generated by org.testng.reporters.JUnitReportReporter -->
<testsuite skipped="0" hostname="DESKTOP-BPKQ36I" name="com.training.high.tests.TC2_LoginTest" tests="1" failures="0" timestamp="2019-11-26T16:21:34 IST" time="21.563" errors="0">
  <testcase name="validLoginTest" time="21.563" classname="com.training.high.tests.TC2_LoginTest"/>
</testsuite> <!-- com.training.high.tests.TC2_LoginTest -->
