<?xml version="1.0" encoding="UTF-8"?>
<!-- Generated by org.testng.reporters.JUnitReportReporter -->
<testsuite skipped="0" hostname="DESKTOP-BPKQ36I" name="com.training.medium.tests.TC8_034GuestUserPlaceOrder" tests="1" failures="0" timestamp="2019-12-04T13:14:11 IST" time="34.190" errors="0">
  <testcase name="withoutLogin" time="34.190" classname="com.training.medium.tests.TC8_034GuestUserPlaceOrder"/>
</testsuite> <!-- com.training.medium.tests.TC8_034GuestUserPlaceOrder -->
