<?xml version="1.0" encoding="UTF-8"?>
<!-- Generated by org.testng.reporters.JUnitReportReporter -->
<testsuite skipped="0" hostname="DESKTOP-BPKQ36I" name="com.training.high.tests.TC10_062MultipleUserRegistration" tests="4" failures="0" timestamp="2019-12-03T16:32:02 IST" time="89.097" errors="0">
  <testcase name="validRegistrationTest" time="21.904" classname="com.training.high.tests.TC10_062MultipleUserRegistration"/>
  <testcase name="validRegistrationTest" time="23.345" classname="com.training.high.tests.TC10_062MultipleUserRegistration"/>
  <testcase name="validRegistrationTest" time="21.328" classname="com.training.high.tests.TC10_062MultipleUserRegistration"/>
  <testcase name="validRegistrationTest" time="22.520" classname="com.training.high.tests.TC10_062MultipleUserRegistration"/>
</testsuite> <!-- com.training.high.tests.TC10_062MultipleUserRegistration -->
