<?xml version="1.0" encoding="UTF-8"?>
<!-- Generated by org.testng.reporters.JUnitReportReporter -->
<testsuite skipped="0" hostname="DESKTOP-BPKQ36I" name="com.training.medium.tests.TC6_032WithoutLogindisplayCheckout" tests="1" failures="0" timestamp="2019-12-04T12:41:37 IST" time="27.399" errors="0">
  <testcase name="withoutLogin" time="27.399" classname="com.training.medium.tests.TC6_032WithoutLogindisplayCheckout"/>
</testsuite> <!-- com.training.medium.tests.TC6_032WithoutLogindisplayCheckout -->
