<?xml version="1.0" encoding="UTF-8"?>
<!-- Generated by org.testng.reporters.JUnitReportReporter -->
<testsuite skipped="0" hostname="DESKTOP-BPKQ36I" name="com.training.medium.tests.TC5_031InvalidLogin" tests="5" failures="0" timestamp="2019-12-05T15:52:03 IST" time="18.643" errors="0">
  <testcase name="validRegistrationTest" time="8.639" classname="com.training.medium.tests.TC5_031InvalidLogin"/>
  <testcase name="invalidLogin1" time="2.463" classname="com.training.medium.tests.TC5_031InvalidLogin"/>
  <testcase name="invalidLogin1" time="2.406" classname="com.training.medium.tests.TC5_031InvalidLogin"/>
  <testcase name="invalidLogin1" time="2.611" classname="com.training.medium.tests.TC5_031InvalidLogin"/>
  <testcase name="invalidLogin1" time="2.524" classname="com.training.medium.tests.TC5_031InvalidLogin"/>
</testsuite> <!-- com.training.medium.tests.TC5_031InvalidLogin -->
