<?xml version="1.0" encoding="UTF-8"?>
<!-- Generated by org.testng.reporters.JUnitReportReporter -->
<testsuite skipped="0" hostname="DESKTOP-BPKQ36I" name="com.training.high.tests.TC3_RecoverPassword" tests="1" failures="0" timestamp="2019-12-02T16:28:27 IST" time="22.939" errors="0">
  <testcase name="forgotPasswordTest" time="22.939" classname="com.training.high.tests.TC3_RecoverPassword"/>
</testsuite> <!-- com.training.high.tests.TC3_RecoverPassword -->
