<?xml version="1.0" encoding="UTF-8"?>
<!-- Generated by org.testng.reporters.JUnitReportReporter -->
<testsuite skipped="0" hostname="DESKTOP-BPKQ36I" name="com.training.complex.tests.TC9_061AddCustomer" tests="2" failures="0" timestamp="2019-12-04T22:08:06 IST" time="5.258" errors="0">
  <testcase name="addCatagory" time="2.650" classname="com.training.complex.tests.TC9_061AddCustomer"/>
  <testcase name="addCatagory" time="2.608" classname="com.training.complex.tests.TC9_061AddCustomer"/>
</testsuite> <!-- com.training.complex.tests.TC9_061AddCustomer -->
