<?xml version="1.0" encoding="UTF-8"?>
<!-- Generated by org.testng.reporters.JUnitReportReporter -->
<testsuite skipped="0" hostname="DESKTOP-BPKQ36I" name="com.training.high.tests.TC6_032WithoutLogindisplayCheckout" tests="1" failures="0" timestamp="2019-12-03T14:53:36 IST" time="26.869" errors="0">
  <testcase name="withoutLogin" time="26.869" classname="com.training.high.tests.TC6_032WithoutLogindisplayCheckout"/>
</testsuite> <!-- com.training.high.tests.TC6_032WithoutLogindisplayCheckout -->
