<?xml version="1.0" encoding="UTF-8"?>
<!-- Generated by org.testng.reporters.JUnitReportReporter -->
<testsuite skipped="0" hostname="DESKTOP-BPKQ36I" name="com.training.medium.tests.TC12_064AddMultipleCategory" tests="4" failures="0" timestamp="2019-12-04T10:16:22 IST" time="10.515" errors="0">
  <testcase name="addCatagory" time="2.486" classname="com.training.medium.tests.TC12_064AddMultipleCategory"/>
  <testcase name="addCatagory" time="2.720" classname="com.training.medium.tests.TC12_064AddMultipleCategory"/>
  <testcase name="addCatagory" time="2.563" classname="com.training.medium.tests.TC12_064AddMultipleCategory"/>
  <testcase name="addCatagory" time="2.746" classname="com.training.medium.tests.TC12_064AddMultipleCategory"/>
</testsuite> <!-- com.training.medium.tests.TC12_064AddMultipleCategory -->
