<?xml version="1.0" encoding="UTF-8"?>
<!-- Generated by org.testng.reporters.JUnitReportReporter -->
<testsuite skipped="0" hostname="DESKTOP-BPKQ36I" name="com.training.high.tests.NewLoginTest" tests="1" failures="0" timestamp="2019-11-28T12:54:56 IST" time="19.764" errors="0">
  <testcase name="validLoginTest" time="19.764" classname="com.training.high.tests.NewLoginTest"/>
</testsuite> <!-- com.training.high.tests.NewLoginTest -->
