<?xml version="1.0" encoding="UTF-8"?>
<!-- Generated by org.testng.reporters.JUnitReportReporter -->
<testsuite skipped="0" hostname="DESKTOP-BPKQ36I" name="com.training.high.tests.TC1_RegistrationTest" tests="1" failures="0" timestamp="2019-11-28T18:04:25 IST" time="22.228" errors="0">
  <testcase name="validRegistrationTest" time="22.228" classname="com.training.high.tests.TC1_RegistrationTest"/>
</testsuite> <!-- com.training.high.tests.TC1_RegistrationTest -->
